<?xml version="1.0" encoding="UTF-8"?>
<!-- Generated by org.testng.reporters.JUnitXMLReporter -->
<testsuite hostname="DESKTOP-N9QFJ52" ignored="0" name="Test" tests="0" failures="0" timestamp="2022-02-21T13:31:54 IST" time="0.535" errors="0">
  <testcase name="@BeforeClass setUpClass" time="0.392" classname="io.cucumber.testng.AbstractTestNGCucumberTests">
    <failure type="java.lang.IllegalArgumentException" message="path must exist: E:\src\test\resources\features\page1.feature">
      <![CDATA[java.lang.IllegalArgumentException: path must exist: E:\src\test\resources\features\page1.feature
at io.cucumber.core.resource.PathScanner.findResourcesForPath(PathScanner.java:49)
at io.cucumber.core.resource.PathScanner.findResourcesForUri(PathScanner.java:31)
at io.cucumber.core.resource.ResourceScanner.findResourcesForUri(ResourceScanner.java:61)
at io.cucumber.core.resource.ResourceScanner.scanForResourcesUri(ResourceScanner.java:134)
at io.cucumber.core.runtime.FeaturePathFeatureSupplier.loadFeatures(FeaturePathFeatureSupplier.java:62)
at io.cucumber.core.runtime.FeaturePathFeatureSupplier.get(FeaturePathFeatureSupplier.java:45)
at io.cucumber.testng.TestNGCucumberRunner.<init>(TestNGCucumberRunner.java:122)
at io.cucumber.testng.AbstractTestNGCucumberTests.setUpClass(AbstractTestNGCucumberTests.java:27)
at java.util.ArrayList.forEach(ArrayList.java:1257)
... Removed 25 stack frames]]>
    </failure>
  </testcase> <!-- @BeforeClass setUpClass -->
</testsuite> <!-- Test -->
